2026-04-13 01:36:42 | INFO     | ============================================================
2026-04-13 01:36:42 | INFO     |   VIRAL VIDEO SCRAPER
2026-04-13 01:36:42 | INFO     | ============================================================
2026-04-13 01:36:42 | INFO     | 🔍 Tìm kiếm: 'gái xinh'
2026-04-13 01:36:42 | INFO     | 📺 YouTube: Tìm 'gái xinh'...
2026-04-13 01:36:43 | INFO     |   → YouTube: 0 video(s) tìm thấy
2026-04-13 01:36:45 | INFO     | ============================================================
2026-04-13 01:36:45 | INFO     |   VIRAL VIDEO SCRAPER
2026-04-13 01:36:45 | INFO     | ============================================================
2026-04-13 01:36:45 | INFO     | 🔍 Tìm kiếm: 'gái xinh'
2026-04-13 01:36:45 | INFO     | 📺 YouTube: Tìm 'gái xinh'...
2026-04-13 01:36:46 | INFO     | 📱 TikTok: Tìm 'gái xinh'...
2026-04-13 01:36:46 | INFO     |   → YouTube: 0 video(s) tìm thấy
2026-04-13 01:36:46 | INFO     |   → TikTok: 0 video(s) tìm thấy
2026-04-13 01:36:47 | INFO     | 📱 TikTok: Tìm 'gái xinh'...
2026-04-13 01:36:48 | INFO     |   → TikTok: 0 video(s) tìm thấy
2026-04-13 01:36:50 | INFO     | 🇨🇳 Douyin: Tìm 'gái xinh'...
2026-04-13 01:36:50 | INFO     |   → Douyin: 0 video(s) tìm thấy
2026-04-13 01:36:51 | INFO     | 🇨🇳 Douyin: Tìm 'gái xinh'...
2026-04-13 01:36:52 | INFO     |   → Douyin: 0 video(s) tìm thấy
2026-04-13 01:36:53 | INFO     | ============================================================
2026-04-13 01:36:53 | INFO     |   VIRAL VIDEO SCRAPER
2026-04-13 01:36:53 | INFO     | ============================================================
2026-04-13 01:36:53 | INFO     | 🔍 Tìm kiếm: 'gái xinh'
2026-04-13 01:36:53 | INFO     | 📺 YouTube: Tìm 'gái xinh'...
2026-04-13 01:36:53 | INFO     | ============================================================
2026-04-13 01:36:53 | INFO     |   VIRAL VIDEO SCRAPER
2026-04-13 01:36:53 | INFO     | ============================================================
2026-04-13 01:36:53 | INFO     | 🔍 Tìm kiếm: 'gái xinh'
2026-04-13 01:36:53 | INFO     | 📺 YouTube: Tìm 'gái xinh'...
2026-04-13 01:36:54 | INFO     | ✅ Tìm thấy 0 video viral đạt chuẩn
2026-04-13 01:36:54 | INFO     |   → YouTube: 0 video(s) tìm thấy
2026-04-13 01:36:54 | INFO     |   → YouTube: 0 video(s) tìm thấy
2026-04-13 01:36:55 | INFO     | ✅ Tìm thấy 0 video viral đạt chuẩn
2026-04-13 01:36:56 | INFO     | 📱 TikTok: Tìm 'gái xinh'...
2026-04-13 01:36:56 | INFO     |   → TikTok: 0 video(s) tìm thấy
2026-04-13 01:36:57 | INFO     | 📱 TikTok: Tìm 'gái xinh'...
2026-04-13 01:36:58 | INFO     |   → TikTok: 0 video(s) tìm thấy
2026-04-13 01:37:00 | INFO     | 🇨🇳 Douyin: Tìm 'gái xinh'...
2026-04-13 01:37:01 | INFO     |   → Douyin: 0 video(s) tìm thấy
2026-04-13 01:37:01 | INFO     | 🇨🇳 Douyin: Tìm 'gái xinh'...
2026-04-13 01:37:02 | INFO     |   → Douyin: 0 video(s) tìm thấy
2026-04-13 01:37:03 | INFO     | ✅ Tìm thấy 0 video viral đạt chuẩn
2026-04-13 01:37:06 | INFO     | ✅ Tìm thấy 0 video viral đạt chuẩn
2026-04-13 01:37:15 | INFO     | ============================================================
2026-04-13 01:37:15 | INFO     |   VIRAL VIDEO SCRAPER
2026-04-13 01:37:15 | INFO     | ============================================================
2026-04-13 01:37:15 | INFO     | 🔍 Tìm kiếm: 'gái xinh'
2026-04-13 01:37:15 | INFO     | 📺 YouTube: Tìm 'gái xinh'...
2026-04-13 01:37:16 | INFO     |   → YouTube: 0 video(s) tìm thấy
2026-04-13 01:37:18 | INFO     | 📱 TikTok: Tìm 'gái xinh'...
2026-04-13 01:37:19 | INFO     |   → TikTok: 0 video(s) tìm thấy
2026-04-13 01:37:21 | INFO     | 🇨🇳 Douyin: Tìm 'gái xinh'...
2026-04-13 01:37:22 | INFO     |   → Douyin: 0 video(s) tìm thấy
2026-04-13 01:37:24 | INFO     | ✅ Tìm thấy 0 video viral đạt chuẩn
2026-04-13 01:37:56 | INFO     | ============================================================
2026-04-13 01:37:56 | INFO     |   VIRAL VIDEO SCRAPER
2026-04-13 01:37:56 | INFO     | ============================================================
2026-04-13 01:37:56 | INFO     | 🔍 Tìm kiếm: 'gái xinh'
2026-04-13 01:37:56 | INFO     | 📺 YouTube: Tìm 'gái xinh'...
2026-04-13 01:37:57 | INFO     |   → YouTube: 0 video(s) tìm thấy
2026-04-13 01:37:58 | INFO     | 📱 TikTok: Tìm 'gái xinh'...
2026-04-13 01:37:59 | INFO     |   → TikTok: 0 video(s) tìm thấy
2026-04-13 01:38:03 | INFO     | 🇨🇳 Douyin: Tìm 'gái xinh'...
2026-04-13 01:38:03 | INFO     |   → Douyin: 0 video(s) tìm thấy
2026-04-13 01:38:07 | INFO     | ✅ Tìm thấy 0 video viral đạt chuẩn
